<?xml version="1.0" encoding="UTF-8"?>
<!-- Generated by org.testng.reporters.JUnitReportReporter -->
<testsuite hostname="Guhananthans-MacBook-Pro.local" failures="0" tests="2" name="testNG.day3" time="0.003" errors="0" timestamp="2023-04-11T13:03:29 IST" skipped="0">
  <testcase classname="testNG.day3" name="APILoginCarLoan" time="0.002"/>
  <system-out/>
  <testcase classname="testNG.day3" name="webLoginCarLoan" time="0.001"/>
  <system-out/>
</testsuite> <!-- testNG.day3 -->
