<?xml version="1.0" encoding="UTF-8"?>
<!-- Generated by org.testng.reporters.JUnitReportReporter -->
<testsuite hostname="Guhananthans-MacBook-Pro.local" failures="0" tests="1" name="testNG.day2" time="0.007" errors="0" timestamp="2023-05-12T16:46:22 IST" skipped="0">
  <testcase classname="testNG.day2" name="ploan" time="0.007"/>
  <system-out/>
</testsuite> <!-- testNG.day2 -->
