<?xml version="1.0" encoding="UTF-8"?>
<!-- Generated by org.testng.reporters.JUnitReportReporter -->
<testsuite hostname="Guhananthans-MacBook-Pro.local" failures="0" tests="2" name="testNG.day1" time="0.005" errors="0" timestamp="2023-04-11T13:03:29 IST" skipped="0">
  <testcase classname="testNG.day1" name="Demo" time="0.004"/>
  <system-out/>
  <testcase classname="testNG.day1" name="secondTest" time="0.001"/>
  <system-out/>
</testsuite> <!-- testNG.day1 -->
