<?xml version="1.0" encoding="UTF-8"?>
<!-- Generated by org.testng.reporters.JUnitReportReporter -->
<testsuite hostname="Guhananthans-MacBook-Pro.local" failures="0" tests="1" name="testNG.day2" time="0.001" errors="0" timestamp="2023-04-11T13:03:29 IST" skipped="0">
  <testcase classname="testNG.day2" name="ploan" time="0.001"/>
  <system-out/>
</testsuite> <!-- testNG.day2 -->
