<?xml version="1.0" encoding="UTF-8"?>
<!-- Generated by org.testng.reporters.JUnitReportReporter -->
<testsuite hostname="Guhananthans-MacBook-Pro.local" failures="0" tests="4" name="JavaStreams" time="0.021" errors="0" timestamp="2023-04-08T11:04:30 IST" skipped="0">
  <testcase classname="JavaStreams" name="streamMap" time="0.005"/>
  <system-out/>
  <testcase classname="JavaStreams" name="streamFilter" time="0.004"/>
  <system-out/>
  <testcase classname="JavaStreams" name="streamCollect" time="0.004"/>
  <system-out/>
  <testcase classname="JavaStreams" name="regular" time="0.008"/>
  <system-out/>
</testsuite> <!-- JavaStreams -->
