<?xml version="1.0" encoding="UTF-8"?>
<!-- Generated by org.testng.reporters.JUnitReportReporter -->
<testsuite hostname="Guhananthans-MacBook-Pro.local" failures="0" tests="4" name="testNG.day4" time="0.004" errors="0" timestamp="2023-04-11T13:03:29 IST" skipped="0">
  <testcase classname="testNG.day4" name="mobileLoginHomeLoan" time="0.001"/>
  <system-out/>
  <testcase classname="testNG.day4" name="mobileSignOutHomeLoan" time="0.001"/>
  <system-out/>
  <testcase classname="testNG.day4" name="mobileSignInHomeLoan" time="0.001"/>
  <system-out/>
  <testcase classname="testNG.day4" name="webLoginHomeLoan" time="0.001"/>
  <system-out/>
</testsuite> <!-- testNG.day4 -->
